[Bootstrap]
SetupTitle=Install
SetupText=Copying Files, please stand by.
CabFile=
Spawn=Setup1.exe
Uninstal=st6unst.exe
TmpDir=msftqws.pdw
Cabs=0

[Bootstrap Files]
File1=@COMCAT.DLL,$(WinSysPathSysFile),$(DLLSelfRegister),,5/31/98 12:00:00 AM,22288,4.71.1460.1
File2=@ASYCFILT.DLL,$(WinSysPathSysFile),,,3/8/99 12:00:00 AM,147728,2.40.4275.1
File3=@OLEPRO32.DLL,$(WinSysPathSysFile),$(DLLSelfRegister),,3/8/99 12:00:00 AM,164112,5.0.4275.1
File4=@OLEAUT32.DLL,$(WinSysPathSysFile),$(DLLSelfRegister),,4/12/00 12:00:00 AM,598288,2.40.4275.1
File5=@STDOLE2.TLB,$(WinSysPathSysFile),$(TLBRegister),,6/3/99 12:00:00 AM,17920,2.40.4275.1
File6=@MSVBVM50.DLL,$(WinSysPathSysFile),$(DLLSelfRegister),,5/13/99 12:05:00 PM,1355776,5.2.82.44
File7=@MSVCRT40.DLL,$(WinSysPathSysFile),,,2/8/99 12:00:00 AM,326656,4.22.0.0
File8=@VB6STKIT.DLL,$(WinSysPathSysFile),,,3/26/99 12:00:00 AM,101888,6.0.84.50
File9=@MSVBVM60.DLL,$(WinSysPathSysFile),$(DLLSelfRegister),,5/27/00 12:00:00 AM,1388544,6.0.88.77

[Setup]
Title=Quest Software Profile Editor
DefaultDir=$(ProgramFiles)\Voelcker\ActiveEntry\Profile Editor
AppExe=ProfileEditor.exe
AppToUninstall=ProfileEditor.exe

[VI_SPECIAL]
Condition=

[Setup (Vorlage)]
Title=
DefaultDir=
AppExe=
AppToUninstall=

[Setup1 Files]
File1=@ProfileEditor.exe,$(AppPath),,,2012-05-30 12:58:16,954368,2.1.0.72
File2=@ProfileEditor.vii,$(AppPath),,,2010-08-10 11:22:58,35214,

[VI_UNINSTALL]
Icon1=@Quest Software\Profilerstellung\Profile Editor
File1=@ProfileEditor.exe,$(AppPath),,,2012-05-30 12:58:16,954368,2.1.0.72
File2=@ProfileEditor.vii,$(AppPath),,,2010-08-10 11:22:58,35214,

[VI_DEPENDS_ON]
Parentproduct1=AEProfileScanner
Parentproduct2=AsycFilt.dll
Parentproduct3=ComCat.dll
Parentproduct4=COMDlg32.ocx
Parentproduct5=ctButton
Parentproduct6=ctToolbar
Parentproduct7=MSVBVM60.dll
Parentproduct8=OLEAut32.dll
Parentproduct9=OLEPro32.dll
Parentproduct10=RichTX32
Parentproduct11=StdOLE2.tlb
Parentproduct12=TabCTL32
Parentproduct13=VB6STKIT.DLL
Parentproduct14=viCFilesGrid.ocx
Parentproduct15=viFilesHash
Parentproduct16=viRegVIP.dll
Parentproduct17=viShell.dll

[IconGroups]
Group0=Quest Software
PrivateGroup0=-1
Parent0=$(Programs)
Group1=Profilerstellung
PrivateGroup1=-1
Parent1=Quest Software

[Profilerstellung]
Icon1="ProfileEditor.exe"
Title1=Profile Editor
StartIn1=$(AppPath)

[VI_SHORTCUTS (Vorlage)]
Icon1=Mein tolles Tool,$(Menu)\Config,MeinTollesTool.exe,
